<?xml version="1.0" encoding="UTF-8"?>
<!-- Generated by org.testng.reporters.JUnitXMLReporter -->
<testsuite ignored="0" hostname="QA19-7" failures="0" tests="4" name="Default test" time="90.366" errors="0" timestamp="2020-02-14T10:26:03 IST">
  <testcase classname="com.usm.qa.testcases.HomePageTest" name="verifyHomePageTitle" time="0.03"/>
  <testcase classname="com.usm.qa.testcases.HomePageTest" name="verifyuserName" time="2.806"/>
  <testcase classname="com.usm.qa.testcases.HomePageTest" name="verifyuserNameDisplay" time="1.951"/>
  <testcase classname="com.usm.qa.testcases.HomePageTest" name="verifyarchivePageTitle" time="1.629"/>
</testsuite> <!-- Default test -->
