<?xml version="1.0" encoding="UTF-8"?>
<testng-results ignored="0" total="8" passed="8" failed="0" skipped="0">
  <reporter-output>
  </reporter-output>
  <suite started-at="2020-02-17T18:12:15 IST" name="USM Aautomation Test Suit" finished-at="2020-02-17T18:14:28 IST" duration-ms="133406">
    <groups>
    </groups>
    <test started-at="2020-02-17T18:12:15 IST" name="TestNewUSM" finished-at="2020-02-17T18:14:28 IST" duration-ms="133406">
      <class name="com.usm.qa.testcases.LoginPageTest">
        <test-method is-config="true" signature="setUp()[pri:0, instance:com.usm.qa.testcases.LoginPageTest@33afa13b]" started-at="2020-02-17T18:12:15 IST" name="setUp" finished-at="2020-02-17T18:12:27 IST" duration-ms="12124" status="PASS">
          <reporter-output>
          </reporter-output>
        </test-method> <!-- setUp -->
        <test-method signature="loginPageTitleTest()[pri:1, instance:com.usm.qa.testcases.LoginPageTest@33afa13b]" started-at="2020-02-17T18:12:27 IST" name="loginPageTitleTest" finished-at="2020-02-17T18:12:31 IST" duration-ms="3380" status="PASS">
          <reporter-output>
          </reporter-output>
        </test-method> <!-- loginPageTitleTest -->
        <test-method is-config="true" signature="tearDown()[pri:0, instance:com.usm.qa.testcases.LoginPageTest@33afa13b]" started-at="2020-02-17T18:12:31 IST" name="tearDown" finished-at="2020-02-17T18:12:31 IST" duration-ms="959" status="PASS">
          <reporter-output>
          </reporter-output>
        </test-method> <!-- tearDown -->
        <test-method is-config="true" signature="setUp()[pri:0, instance:com.usm.qa.testcases.LoginPageTest@33afa13b]" started-at="2020-02-17T18:12:31 IST" name="setUp" finished-at="2020-02-17T18:12:43 IST" duration-ms="11105" status="PASS">
          <reporter-output>
          </reporter-output>
        </test-method> <!-- setUp -->
        <test-method signature="VerifySarinelogo()[pri:2, instance:com.usm.qa.testcases.LoginPageTest@33afa13b]" started-at="2020-02-17T18:12:43 IST" name="VerifySarinelogo" finished-at="2020-02-17T18:12:45 IST" duration-ms="2853" status="PASS">
          <reporter-output>
          </reporter-output>
        </test-method> <!-- VerifySarinelogo -->
        <test-method is-config="true" signature="tearDown()[pri:0, instance:com.usm.qa.testcases.LoginPageTest@33afa13b]" started-at="2020-02-17T18:12:45 IST" name="tearDown" finished-at="2020-02-17T18:12:46 IST" duration-ms="591" status="PASS">
          <reporter-output>
          </reporter-output>
        </test-method> <!-- tearDown -->
        <test-method is-config="true" signature="setUp()[pri:0, instance:com.usm.qa.testcases.LoginPageTest@33afa13b]" started-at="2020-02-17T18:12:46 IST" name="setUp" finished-at="2020-02-17T18:12:57 IST" duration-ms="11394" status="PASS">
          <reporter-output>
          </reporter-output>
        </test-method> <!-- setUp -->
        <test-method signature="loginTest()[pri:3, instance:com.usm.qa.testcases.LoginPageTest@33afa13b]" started-at="2020-02-17T18:12:57 IST" name="loginTest" finished-at="2020-02-17T18:13:02 IST" duration-ms="4322" status="PASS">
          <reporter-output>
          </reporter-output>
        </test-method> <!-- loginTest -->
        <test-method is-config="true" signature="tearDown()[pri:0, instance:com.usm.qa.testcases.LoginPageTest@33afa13b]" started-at="2020-02-17T18:13:02 IST" name="tearDown" finished-at="2020-02-17T18:13:02 IST" duration-ms="581" status="PASS">
          <reporter-output>
          </reporter-output>
        </test-method> <!-- tearDown -->
        <test-method is-config="true" signature="setUp()[pri:0, instance:com.usm.qa.testcases.LoginPageTest@33afa13b]" started-at="2020-02-17T18:13:02 IST" name="setUp" finished-at="2020-02-17T18:13:13 IST" duration-ms="10772" status="PASS">
          <reporter-output>
          </reporter-output>
        </test-method> <!-- setUp -->
        <test-method signature="loginTestBoolean()[pri:4, instance:com.usm.qa.testcases.LoginPageTest@33afa13b]" started-at="2020-02-17T18:13:13 IST" name="loginTestBoolean" finished-at="2020-02-17T18:13:18 IST" duration-ms="4545" status="PASS">
          <reporter-output>
          </reporter-output>
        </test-method> <!-- loginTestBoolean -->
        <test-method is-config="true" signature="tearDown()[pri:0, instance:com.usm.qa.testcases.LoginPageTest@33afa13b]" started-at="2020-02-17T18:13:18 IST" name="tearDown" finished-at="2020-02-17T18:13:18 IST" duration-ms="632" status="PASS">
          <reporter-output>
          </reporter-output>
        </test-method> <!-- tearDown -->
      </class> <!-- com.usm.qa.testcases.LoginPageTest -->
      <class name="com.usm.qa.testcases.HomePageTest">
        <test-method is-config="true" signature="setUp()[pri:0, instance:com.usm.qa.testcases.HomePageTest@7a4ccb53]" started-at="2020-02-17T18:13:18 IST" name="setUp" finished-at="2020-02-17T18:13:33 IST" duration-ms="14959" status="PASS">
          <reporter-output>
          </reporter-output>
        </test-method> <!-- setUp -->
        <test-method signature="verifyHomePageTitle()[pri:1, instance:com.usm.qa.testcases.HomePageTest@7a4ccb53]" started-at="2020-02-17T18:13:33 IST" name="verifyHomePageTitle" finished-at="2020-02-17T18:13:33 IST" duration-ms="31" status="PASS">
          <reporter-output>
          </reporter-output>
        </test-method> <!-- verifyHomePageTitle -->
        <test-method is-config="true" signature="tearDown()[pri:0, instance:com.usm.qa.testcases.HomePageTest@7a4ccb53]" started-at="2020-02-17T18:13:33 IST" name="tearDown" finished-at="2020-02-17T18:13:34 IST" duration-ms="613" status="PASS">
          <reporter-output>
          </reporter-output>
        </test-method> <!-- tearDown -->
        <test-method is-config="true" signature="setUp()[pri:0, instance:com.usm.qa.testcases.HomePageTest@7a4ccb53]" started-at="2020-02-17T18:13:34 IST" name="setUp" finished-at="2020-02-17T18:13:49 IST" duration-ms="14882" status="PASS">
          <reporter-output>
          </reporter-output>
        </test-method> <!-- setUp -->
        <test-method signature="verifyuserName()[pri:2, instance:com.usm.qa.testcases.HomePageTest@7a4ccb53]" started-at="2020-02-17T18:13:49 IST" name="verifyuserName" finished-at="2020-02-17T18:13:52 IST" duration-ms="2877" status="PASS">
          <reporter-output>
          </reporter-output>
        </test-method> <!-- verifyuserName -->
        <test-method is-config="true" signature="tearDown()[pri:0, instance:com.usm.qa.testcases.HomePageTest@7a4ccb53]" started-at="2020-02-17T18:13:52 IST" name="tearDown" finished-at="2020-02-17T18:13:52 IST" duration-ms="608" status="PASS">
          <reporter-output>
          </reporter-output>
        </test-method> <!-- tearDown -->
        <test-method is-config="true" signature="setUp()[pri:0, instance:com.usm.qa.testcases.HomePageTest@7a4ccb53]" started-at="2020-02-17T18:13:52 IST" name="setUp" finished-at="2020-02-17T18:14:08 IST" duration-ms="15476" status="PASS">
          <reporter-output>
          </reporter-output>
        </test-method> <!-- setUp -->
        <test-method signature="verifyuserNameDisplay()[pri:3, instance:com.usm.qa.testcases.HomePageTest@7a4ccb53]" started-at="2020-02-17T18:14:08 IST" name="verifyuserNameDisplay" finished-at="2020-02-17T18:14:10 IST" duration-ms="1877" status="PASS">
          <reporter-output>
          </reporter-output>
        </test-method> <!-- verifyuserNameDisplay -->
        <test-method is-config="true" signature="tearDown()[pri:0, instance:com.usm.qa.testcases.HomePageTest@7a4ccb53]" started-at="2020-02-17T18:14:10 IST" name="tearDown" finished-at="2020-02-17T18:14:10 IST" duration-ms="595" status="PASS">
          <reporter-output>
          </reporter-output>
        </test-method> <!-- tearDown -->
        <test-method is-config="true" signature="setUp()[pri:0, instance:com.usm.qa.testcases.HomePageTest@7a4ccb53]" started-at="2020-02-17T18:14:10 IST" name="setUp" finished-at="2020-02-17T18:14:25 IST" duration-ms="15196" status="PASS">
          <reporter-output>
          </reporter-output>
        </test-method> <!-- setUp -->
        <test-method signature="verifyarchivePageTitle()[pri:4, instance:com.usm.qa.testcases.HomePageTest@7a4ccb53]" started-at="2020-02-17T18:14:25 IST" name="verifyarchivePageTitle" finished-at="2020-02-17T18:14:28 IST" duration-ms="2391" status="PASS">
          <reporter-output>
          </reporter-output>
        </test-method> <!-- verifyarchivePageTitle -->
        <test-method is-config="true" signature="tearDown()[pri:0, instance:com.usm.qa.testcases.HomePageTest@7a4ccb53]" started-at="2020-02-17T18:14:28 IST" name="tearDown" finished-at="2020-02-17T18:14:28 IST" duration-ms="592" status="PASS">
          <reporter-output>
          </reporter-output>
        </test-method> <!-- tearDown -->
      </class> <!-- com.usm.qa.testcases.HomePageTest -->
    </test> <!-- TestNewUSM -->
  </suite> <!-- USM Aautomation Test Suit -->
</testng-results>
