<?xml version="1.0" encoding="UTF-8"?>
<!-- Generated by org.testng.reporters.JUnitXMLReporter -->
<testsuite ignored="0" hostname="QA19-7" failures="0" tests="8" name="TestNewUSM" time="133.406" errors="0" timestamp="2020-02-17T18:14:28 IST">
  <testcase classname="com.usm.qa.testcases.LoginPageTest" name="loginPageTitleTest" time="3.38"/>
  <testcase classname="com.usm.qa.testcases.LoginPageTest" name="VerifySarinelogo" time="2.853"/>
  <testcase classname="com.usm.qa.testcases.LoginPageTest" name="loginTest" time="4.322"/>
  <testcase classname="com.usm.qa.testcases.LoginPageTest" name="loginTestBoolean" time="4.545"/>
  <testcase classname="com.usm.qa.testcases.HomePageTest" name="verifyHomePageTitle" time="0.031"/>
  <testcase classname="com.usm.qa.testcases.HomePageTest" name="verifyuserName" time="2.877"/>
  <testcase classname="com.usm.qa.testcases.HomePageTest" name="verifyuserNameDisplay" time="1.877"/>
  <testcase classname="com.usm.qa.testcases.HomePageTest" name="verifyarchivePageTitle" time="2.391"/>
</testsuite> <!-- TestNewUSM -->
